<?xml version="1.0" encoding="UTF-8"?>
<!-- Generated by org.testng.reporters.JUnitReportReporter -->
<testsuite skipped="0" hostname="IN2450814W1" name="docker.LaunchChrome" tests="1" failures="0" timestamp="2020-09-01T14:36:33 IST" time="24.150" errors="0">
  <testcase name="main" time="24.150" classname="docker.LaunchChrome"/>
</testsuite> <!-- docker.LaunchChrome -->
